#separator \x09
#set_separator	,
#empty_field	(empty)
#unset_field	-
#path	ocsp
#open	2024-07-08-06-22-13
#fields	ts	id	hashAlgorithm	issuerNameHash	issuerKeyHash	serialNumber	certStatus	revoketime	revokereason	thisUpdate	nextUpdate
#types	time	string	string	string	string	string	string	time	string	time	time
1719340268.917465	FfsuK62LcdTwHVThpg	sha1	1A52B9B459E4C33398217E866D4BBD8A3BD667CE	08B9113BA5D08518B4EA0FA0AD9F861E8EFC3827	03B67FC131E287C508A04DF60472F5EBFDDB	good	-	-	1719223080.000000	1719827878.000000
1719340325.273166	FXMlgh1oWdYuSb50P4	sha1	690FE41567ED6F7FB534446406066F0967077172	74A47629171854853137BE67E60658C0BCC50572	03369DE1E15A78F4A404FC7516AE42B3BBCF	good	-	-	1719301680.000000	1719906478.000000
1719340432.943222	Fceww02dk5kBAoG2K	sha1	E475019DC323E226741D6C40390795F90596462E	3B70D153E976259D60A8CA660FC69BAE6F54166A	33004ACDE247197E2E08FFC3640000004ACDE2	good	-	-	1718907171.000000	1719599571.000000
1719340433.363997	F7AOPP3agLOPPjTB5b	sha1	B34FFCEAC1CA8DBE13FD8B8738B023F3D896F3AC	FE09714055051044D8A48175B89E1AE94A0688C8	33006A4A629025338E234623FD0000006A4A62	good	-	-	1719310332.000000	1720002732.000000
1719340439.953554	Fy5Efq3rMwXN6tEOGk	sha1	105FA67A80089DB5279F35CE830B43889EA3C70D	0F80611C823161D52F28E78D4638B42CE1C6D9E2	03464204B492F6AF670437F08C4B6377	good	-	-	1719307261.000000	1719908461.000000
1719340471.596786	FsMUmU11znSctQN6F9	sha1	690FE41567ED6F7FB534446406066F0967077172	74A47629171854853137BE67E60658C0BCC50572	0347BD0270AB69AD493AF2CE3B1A4E0581F5	good	-	-	1719234060.000000	1719838858.000000
1719340647.348340	F0EnAc1hyqXIpCPmd	sha1	105FA67A80089DB5279F35CE830B43889EA3C70D	0F80611C823161D52F28E78D4638B42CE1C6D9E2	03464204B492F6AF670437F08C4B6377	good	-	-	1719307261.000000	1719908461.000000
1719340647.517490	FDNafy2grQ31K2oNuj	sha1	8051060132AD9AC27D5187A0E887FB01620155EE	03DE503556D14CBB66F0A3E21B1BC397B23DD155	02742EAA17CA8E21C717BB1FFCFD0CA0	good	-	-	1719246074.000000	1719850874.000000
1719340648.143863	F64CtzeQNwPUFHByh	sha1	7624DB6BD09C44BD8C92A5BC8159AA8199E6A50A	CE15163BEA02A3A66BDAD92BFDE58C52BE7A50A8	33002C00FAA7F37C1D184C9CAB0000002C00FA	good	-	-	1719234614.000000	1719927014.000000
1719340676.366857	FTCtBk3U94zvMlJ7fg	sha1	39D28B71FE1D19B65FB3F1288F23BC04595C4395	4E2254201895E6E36EE60FFAFAB912ED06178F39	0CF5BD062B5602F47AB8502C23CCF066	good	-	-	1719247372.000000	1719852172.000000
1719340860.192601	FR5QYK3H6P5rvnP5jh	sha1	E475019DC323E226741D6C40390795F90596462E	3B70D153E976259D60A8CA660FC69BAE6F54166A	330039AD98085696D7012EC21100000039AD98	good	-	-	1719079971.000000	1719772371.000000
1719341365.196434	FYKiCe3Og8BTDsljB1	sha1	7624DB6BD09C44BD8C92A5BC8159AA8199E6A50A	CE15163BEA02A3A66BDAD92BFDE58C52BE7A50A8	3300308A04611F5D8F4B27134D000000308A04	good	-	-	1718903414.000000	1719595814.000000
1719341365.209842	Fo4J0j11ktBriwEH2i	sha1	7624DB6BD09C44BD8C92A5BC8159AA8199E6A50A	CE15163BEA02A3A66BDAD92BFDE58C52BE7A50A8	3300308A04611F5D8F4B27134D000000308A04	good	-	-	1718730614.000000	1719423014.000000
1719343126.714219	F7RwnL12xkls9VwUO5	sha1	105FA67A80089DB5279F35CE830B43889EA3C70D	0F80611C823161D52F28E78D4638B42CE1C6D9E2	068A0FB22EF22BA2F36BEA23D9F8B475	good	-	-	1719325982.000000	1719927182.000000
1719345217.040513	Fleck13N5KPBjXrvTh	sha1	E475019DC323E226741D6C40390795F90596462E	3B70D153E976259D60A8CA660FC69BAE6F54166A	330039AD98085696D7012EC21100000039AD98	good	-	-	1718719971.000000	1719412371.000000
1719345217.936509	F4OLjLiKxmvmrIiyf	sha1	E475019DC323E226741D6C40390795F90596462E	3B70D153E976259D60A8CA660FC69BAE6F54166A	330039AD98085696D7012EC21100000039AD98	good	-	-	1719079971.000000	1719772371.000000
1719345218.026230	FZjcov35mGu2CcVSb	sha1	E475019DC323E226741D6C40390795F90596462E	3B70D153E976259D60A8CA660FC69BAE6F54166A	330039AD98085696D7012EC21100000039AD98	good	-	-	1718734371.000000	1719426771.000000
1719345223.560196	FBLppO1ILKmvWgVUQ5	sha1	E475019DC323E226741D6C40390795F90596462E	3B70D153E976259D60A8CA660FC69BAE6F54166A	3300502432632DDA01121C9952000000502432	good	-	-	1718820771.000000	1719513171.000000
1719345245.455924	F2tXWY3n5jtTRx3J18	sha1	7624DB6BD09C44BD8C92A5BC8159AA8199E6A50A	CE15163BEA02A3A66BDAD92BFDE58C52BE7A50A8	3300308A04611F5D8F4B27134D000000308A04	good	-	-	1718903414.000000	1719595814.000000
#close	2024-07-08-06-22-13
