#separator \x09
#set_separator	,
#empty_field	(empty)
#unset_field	-
#path	ocsp
#open	2024-07-08-06-26-30
#fields	ts	id	hashAlgorithm	issuerNameHash	issuerKeyHash	serialNumber	certStatus	revoketime	revokereason	thisUpdate	nextUpdate
#types	time	string	string	string	string	string	string	time	string	time	time
1718218057.893844	FSwoMj1Umuk6wiJn2l	sha1	39D28B71FE1D19B65FB3F1288F23BC04595C4395	4E2254201895E6E36EE60FFAFAB912ED06178F39	0A43A9509B01352F899579EC7208BA50	good	-	-	1718055136.000000	1718659936.000000
1718218062.254037	FQErH9IpJLXrc9Rug	sha1	1BC66318D19B621575EEB02B7469CD52D59A2AE2	F67E2FBD80A34AB2705BEBDF9A1FD8EDCA618007	3300327C5D285AFBA28B8A2EF0000000327C5D	good	-	-	1718154604.000000	1718847004.000000
1718218071.716093	FeiGcM3FjQtSDrEGD	sha1	E475019DC323E226741D6C40390795F90596462E	3B70D153E976259D60A8CA660FC69BAE6F54166A	330039AD98085696D7012EC21100000039AD98	good	-	-	1717697571.000000	1718389971.000000
1718218131.530982	FeYHGe24Ol7rbxWD1e	sha1	E475019DC323E226741D6C40390795F90596462E	3B70D153E976259D60A8CA660FC69BAE6F54166A	330039AD98085696D7012EC21100000039AD98	good	-	-	1717855971.000000	1718548371.000000
1718218136.415437	FjyMim4zReeBdjYMO8	sha1	E475019DC323E226741D6C40390795F90596462E	3B70D153E976259D60A8CA660FC69BAE6F54166A	330039AD98085696D7012EC21100000039AD98	good	-	-	1717855971.000000	1718548371.000000
1718218140.468011	FdIMx52vKnPo9X7Owb	sha1	E475019DC323E226741D6C40390795F90596462E	3B70D153E976259D60A8CA660FC69BAE6F54166A	330039AD98085696D7012EC21100000039AD98	good	-	-	1717855971.000000	1718548371.000000
1718218294.247004	FLFewy44A8rpzQ5pRb	sha1	7624DB6BD09C44BD8C92A5BC8159AA8199E6A50A	CE15163BEA02A3A66BDAD92BFDE58C52BE7A50A8	3300308A04611F5D8F4B27134D000000308A04	good	-	-	1718039415.000000	1718731815.000000
1718218361.992444	FmuIKB2klapk02eVZj	sha1	1BC66318D19B621575EEB02B7469CD52D59A2AE2	F67E2FBD80A34AB2705BEBDF9A1FD8EDCA618007	3300327C5D285AFBA28B8A2EF0000000327C5D	good	-	-	1717693804.000000	1718386204.000000
1718218362.268781	FUCDjd3c94pn98c4Nd	sha1	1BC66318D19B621575EEB02B7469CD52D59A2AE2	F67E2FBD80A34AB2705BEBDF9A1FD8EDCA618007	3300327C5D285AFBA28B8A2EF0000000327C5D	good	-	-	1717866604.000000	1718559004.000000
1718218362.389906	F0ixUC1VFfpXXdAhyg	sha1	1BC66318D19B621575EEB02B7469CD52D59A2AE2	F67E2FBD80A34AB2705BEBDF9A1FD8EDCA618007	3300327C5D285AFBA28B8A2EF0000000327C5D	good	-	-	1717866604.000000	1718559004.000000
1718218587.134726	FmYDh40utTdGSoT1g	sha1	39D28B71FE1D19B65FB3F1288F23BC04595C4395	4E2254201895E6E36EE60FFAFAB912ED06178F39	05196526449A5E3D1A38748F5DCFEBCC	good	-	-	1718141424.000000	1718746224.000000
1718218587.334826	FgMqqr2MyO5K2OW294	sha1	B34FFCEAC1CA8DBE13FD8B8738B023F3D896F3AC	FE09714055051044D8A48175B89E1AE94A0688C8	330031C778E1197B94C2D057F600000031C778	good	-	-	1718158332.000000	1718850732.000000
1718218590.328570	FHAdOa4TP9DrXejrvk	sha1	48DAC9A0FB2BD32D4FF0DE68D2F567B735F9B3C4	142EB317B75856CBAE500940E61FAF9D8B14C2C6	04270E931822850A36AFE8B0B65474CD096F	good	-	-	1718111100.000000	1718715898.000000
1718218676.117059	FBCqMh2kXpMltkZize	sha1	E475019DC323E226741D6C40390795F90596462E	3B70D153E976259D60A8CA660FC69BAE6F54166A	330039AD98085696D7012EC21100000039AD98	good	-	-	1717855971.000000	1718548371.000000
#close	2024-07-08-06-26-30
