#separator \x09
#set_separator	,
#empty_field	(empty)
#unset_field	-
#path	ocsp
#open	2024-07-08-06-22-36
#fields	ts	id	hashAlgorithm	issuerNameHash	issuerKeyHash	serialNumber	certStatus	revoketime	revokereason	thisUpdate	nextUpdate
#types	time	string	string	string	string	string	string	time	string	time	time
1718663925.653014	FA4kFJ2gDk1EQp7e54	sha1	E475019DC323E226741D6C40390795F90596462E	3B70D153E976259D60A8CA660FC69BAE6F54166A	330039AD98085696D7012EC21100000039AD98	good	-	-	1718215971.000000	1718908371.000000
1718663997.832952	FKIOqRsz8sikgx0Kh	sha1	E475019DC323E226741D6C40390795F90596462E	3B70D153E976259D60A8CA660FC69BAE6F54166A	330039AD98085696D7012EC21100000039AD98	good	-	-	1718302372.000000	1718994772.000000
1718664039.447646	Fi7UKW20H3DNfgxM18	sha1	7624DB6BD09C44BD8C92A5BC8159AA8199E6A50A	CE15163BEA02A3A66BDAD92BFDE58C52BE7A50A8	3300308A04611F5D8F4B27134D000000308A04	good	-	-	1718039415.000000	1718731815.000000
1718664118.430589	FEzUVc3yoSEXwBoC6	sha1	48DAC9A0FB2BD32D4FF0DE68D2F567B735F9B3C4	142EB317B75856CBAE500940E61FAF9D8B14C2C6	04C6E14FA1290D9C3F10CF3D6492DBC31A7C	good	-	-	1718542560.000000	1719147358.000000
1718664152.891444	FjSAxHMhR0m5iltOg	sha1	48DAC9A0FB2BD32D4FF0DE68D2F567B735F9B3C4	142EB317B75856CBAE500940E61FAF9D8B14C2C6	03392E16480FD83539306DA1B0A1A147B2FF	good	-	-	1718506260.000000	1719111058.000000
1718664156.922414	FUXY0e1fAiwlYswbu8	sha1	53B54F6E16A815187849C176725823579954799E	A0110A233E96F107ECE2AF29EF82A57FD030A4B4	3972443AF922B751D7D36C10DD313595	good	-	-	1718584483.000000	1719189282.000000
1718664157.115232	F1QNk8NewzqE9aPK6	sha1	CD30D24C343A82AB1F0570158AD7A107762992E9	5379BF5AAA2B4ACF5480E1D89BC09DF2B20366CB	C8AB9306E192DD2DE754B652C2C41EC4	good	-	-	1718553267.000000	1719158066.000000
1718664157.344835	Fpwt8QaNykEjRHp8c	sha1	CA7F6E73E999AA7C586066CCF992CA449C9846E6	D37A873AC69259FFE27DB20D33E8F684FAA57068	6B1FD6E169FC9177439AFA3564D7B492	good	-	-	1718442322.000000	1719047121.000000
1718664160.350141	FGccqa6ed1L5hyPHi	sha1	CA7F6E73E999AA7C586066CCF992CA449C9846E6	D37A873AC69259FFE27DB20D33E8F684FAA57068	6928F4D2ACE37AC6F3711228AC00E30B	good	-	-	1718526382.000000	1719131181.000000
1718664166.330888	F37Q0M1R2gzB3dDyXi	sha1	CD30D24C343A82AB1F0570158AD7A107762992E9	5379BF5AAA2B4ACF5480E1D89BC09DF2B20366CB	6C55ABDBD00792C79D070CD8119ED6BF	good	-	-	1718646414.000000	1719251213.000000
1718664338.231017	FWGMF8aJMtykeYJb9	sha1	105FA67A80089DB5279F35CE830B43889EA3C70D	0F80611C823161D52F28E78D4638B42CE1C6D9E2	068A0FB22EF22BA2F36BEA23D9F8B475	good	-	-	1718634781.000000	1719235981.000000
1718664495.464199	FEW5ab1ELQFtLRCZWk	sha1	105FA67A80089DB5279F35CE830B43889EA3C70D	0F80611C823161D52F28E78D4638B42CE1C6D9E2	068A0FB22EF22BA2F36BEA23D9F8B475	good	-	-	1718634781.000000	1719235981.000000
1718664499.398740	FVwjhR6O0iKFvdUZh	sha1	105FA67A80089DB5279F35CE830B43889EA3C70D	0F80611C823161D52F28E78D4638B42CE1C6D9E2	068A0FB22EF22BA2F36BEA23D9F8B475	good	-	-	1718634781.000000	1719235981.000000
#close	2024-07-08-06-22-37
